2026-03-20 18:01:22.994 - RealTimeSTT: realtimestt - INFO - Starting RealTimeSTT
2026-03-20 18:01:23.066 - RealTimeSTT: realtimestt - INFO - Initializing audio recording (creating pyAudio input stream, sample rate: 16000 buffer size: 512
2026-03-20 18:01:23.067 - RealTimeSTT: realtimestt - DEBUG - Starting audio data worker with target_sample_rate=16000, buffer_size=512, input_device_index=5
2026-03-20 18:01:23.067 - RealTimeSTT: realtimestt - DEBUG - Creating PyAudio interface...
2026-03-20 18:01:23.067 - RealTimeSTT: realtimestt - INFO - Initializing WebRTC voice with Sensitivity 3
2026-03-20 18:01:23.067 - RealTimeSTT: realtimestt - DEBUG - WebRTC VAD voice activity detection engine initialized successfully
2026-03-20 18:01:23.166 - RealTimeSTT: realtimestt - DEBUG - Retrieving highest sample rate for device index 5: {'index': 5, 'structVersion': 2, 'name': 'HD-Audio Generic: ALC285 Analog (hw:2,0)', 'hostApi': 0, 'maxInputChannels': 2, 'maxOutputChannels': 2, 'defaultLowInputLatency': 0.005333333333333333, 'defaultLowOutputLatency': 0.005333333333333333, 'defaultHighInputLatency': 0.032, 'defaultHighOutputLatency': 0.032, 'defaultSampleRate': 48000.0}
2026-03-20 18:01:23.168 - RealTimeSTT: realtimestt - DEBUG - Highest supported sample rate for device index 5 is 48000
2026-03-20 18:01:23.168 - RealTimeSTT: realtimestt - DEBUG - Sample rates to try for device 5: [16000, 48000]
2026-03-20 18:01:23.168 - RealTimeSTT: realtimestt - DEBUG - Attempting to initialize audio stream at 16000 Hz.
2026-03-20 18:01:23.168 - RealTimeSTT: realtimestt - DEBUG - Found 10 total audio devices on the system.
2026-03-20 18:01:23.168 - RealTimeSTT: realtimestt - DEBUG - Available input devices with input channels: [5, 7, 8, 9]
2026-03-20 18:01:23.168 - RealTimeSTT: realtimestt - DEBUG - Validating device index 5 with info: {'index': 5, 'structVersion': 2, 'name': 'HD-Audio Generic: ALC285 Analog (hw:2,0)', 'hostApi': 0, 'maxInputChannels': 2, 'maxOutputChannels': 2, 'defaultLowInputLatency': 0.005333333333333333, 'defaultLowOutputLatency': 0.005333333333333333, 'defaultHighInputLatency': 0.032, 'defaultHighOutputLatency': 0.032, 'defaultSampleRate': 48000.0}
2026-03-20 18:01:23.169 - RealTimeSTT: realtimestt - DEBUG - Device validation failed for index 5: [Errno -9997] Invalid sample rate
2026-03-20 18:01:23.169 - RealTimeSTT: realtimestt - ERROR - Microphone connection failed: Selected device validation failed. Retrying...
Traceback (most recent call last):
  File "/home/sweaver/praxis/projects/cli/gollama/.venv/lib/python3.12/site-packages/RealtimeSTT/audio_recorder.py", line 1169, in initialize_audio_stream
    raise Exception("Selected device validation failed")
Exception: Selected device validation failed
2026-03-20 18:01:26.170 - RealTimeSTT: realtimestt - DEBUG - Found 10 total audio devices on the system.
2026-03-20 18:01:26.170 - RealTimeSTT: realtimestt - DEBUG - Available input devices with input channels: [5, 7, 8, 9]
2026-03-20 18:01:26.170 - RealTimeSTT: realtimestt - DEBUG - Default device info: {'index': 9, 'structVersion': 2, 'name': 'default', 'hostApi': 0, 'maxInputChannels': 64, 'maxOutputChannels': 64, 'defaultLowInputLatency': 0.008684807256235827, 'defaultLowOutputLatency': 0.008684807256235827, 'defaultHighInputLatency': 0.034807256235827665, 'defaultHighOutputLatency': 0.034807256235827665, 'defaultSampleRate': 44100.0}
2026-03-20 18:01:26.170 - RealTimeSTT: realtimestt - DEBUG - Validating device index 9 with info: {'index': 9, 'structVersion': 2, 'name': 'default', 'hostApi': 0, 'maxInputChannels': 64, 'maxOutputChannels': 64, 'defaultLowInputLatency': 0.008684807256235827, 'defaultLowOutputLatency': 0.008684807256235827, 'defaultHighInputLatency': 0.034807256235827665, 'defaultHighOutputLatency': 0.034807256235827665, 'defaultSampleRate': 44100.0}
2026-03-20 18:01:26.345 - RealTimeSTT: realtimestt - DEBUG - Device index 9 successfully validated.
2026-03-20 18:01:26.345 - RealTimeSTT: realtimestt - DEBUG - Default device 9 selected.
2026-03-20 18:01:26.346 - RealTimeSTT: realtimestt - DEBUG - Validating device index 9 with info: {'index': 9, 'structVersion': 2, 'name': 'default', 'hostApi': 0, 'maxInputChannels': 64, 'maxOutputChannels': 64, 'defaultLowInputLatency': 0.008684807256235827, 'defaultLowOutputLatency': 0.008684807256235827, 'defaultHighInputLatency': 0.034807256235827665, 'defaultHighOutputLatency': 0.034807256235827665, 'defaultSampleRate': 44100.0}
2026-03-20 18:01:26.431 - RealTimeSTT: realtimestt - DEBUG - Device index 9 successfully validated.
2026-03-20 18:01:26.431 - RealTimeSTT: realtimestt - DEBUG - Opening stream with device index 9, sample_rate=16000, chunk_size=1024
2026-03-20 18:01:26.449 - RealTimeSTT: realtimestt - INFO - Microphone connected and validated (device index: 9, sample rate: 16000, chunk size: 1024)
2026-03-20 18:01:26.450 - RealTimeSTT: realtimestt - DEBUG - Audio recording initialized successfully at 16000 Hz, reading 1024 frames at a time
2026-03-20 18:01:27.194 - RealTimeSTT: realtimestt - DEBUG - Silero VAD voice activity detection engine initialized successfully
2026-03-20 18:01:27.195 - RealTimeSTT: realtimestt - DEBUG - Starting realtime worker
2026-03-20 18:01:27.195 - RealTimeSTT: realtimestt - DEBUG - Waiting for main transcription model to start
2026-03-20 18:01:27.195 - RealTimeSTT: realtimestt - DEBUG - Main transcription model ready
2026-03-20 18:01:27.196 - RealTimeSTT: realtimestt - DEBUG - RealtimeSTT initialization completed successfully
2026-03-20 18:01:27.197 - RealTimeSTT: realtimestt - INFO - Setting listen time
2026-03-20 18:01:27.197 - RealTimeSTT: realtimestt - INFO - State changed from 'inactive' to 'listening'
2026-03-20 18:01:27.197 - RealTimeSTT: realtimestt - DEBUG - Waiting for recording start
2026-03-20 18:01:27.537 - RealTimeSTT: realtimestt - DEBUG - _audio_data_worker writing audio data into queue.
2026-03-20 18:01:28.561 - RealTimeSTT: realtimestt - DEBUG - _audio_data_worker writing audio data into queue.
2026-03-20 18:01:29.585 - RealTimeSTT: realtimestt - DEBUG - _audio_data_worker writing audio data into queue.
2026-03-20 18:01:30.609 - RealTimeSTT: realtimestt - DEBUG - _audio_data_worker writing audio data into queue.
2026-03-20 18:01:31.633 - RealTimeSTT: realtimestt - DEBUG - _audio_data_worker writing audio data into queue.
2026-03-20 18:01:32.657 - RealTimeSTT: realtimestt - DEBUG - _audio_data_worker writing audio data into queue.
2026-03-20 18:01:33.681 - RealTimeSTT: realtimestt - DEBUG - _audio_data_worker writing audio data into queue.
2026-03-20 18:01:34.705 - RealTimeSTT: realtimestt - DEBUG - _audio_data_worker writing audio data into queue.
2026-03-20 18:01:35.388 - RealTimeSTT: realtimestt - INFO - voice activity detected
2026-03-20 18:01:35.388 - RealTimeSTT: realtimestt - INFO - recording started
2026-03-20 18:01:35.388 - RealTimeSTT: realtimestt - INFO - State changed from 'listening' to 'recording'
2026-03-20 18:01:35.388 - RealTimeSTT: realtimestt - DEBUG - Waiting for recording stop
2026-03-20 18:01:35.729 - RealTimeSTT: realtimestt - DEBUG - _audio_data_worker writing audio data into queue.
2026-03-20 18:01:36.753 - RealTimeSTT: realtimestt - DEBUG - _audio_data_worker writing audio data into queue.
2026-03-20 18:01:37.777 - RealTimeSTT: realtimestt - DEBUG - _audio_data_worker writing audio data into queue.
2026-03-20 18:01:38.801 - RealTimeSTT: realtimestt - DEBUG - _audio_data_worker writing audio data into queue.
2026-03-20 18:01:39.825 - RealTimeSTT: realtimestt - DEBUG - _audio_data_worker writing audio data into queue.
2026-03-20 18:01:40.849 - RealTimeSTT: realtimestt - DEBUG - _audio_data_worker writing audio data into queue.
2026-03-20 18:01:41.873 - RealTimeSTT: realtimestt - DEBUG - _audio_data_worker writing audio data into queue.
2026-03-20 18:01:42.897 - RealTimeSTT: realtimestt - DEBUG - _audio_data_worker writing audio data into queue.
2026-03-20 18:01:43.921 - RealTimeSTT: realtimestt - DEBUG - _audio_data_worker writing audio data into queue.
2026-03-20 18:01:44.945 - RealTimeSTT: realtimestt - DEBUG - _audio_data_worker writing audio data into queue.
2026-03-20 18:01:45.969 - RealTimeSTT: realtimestt - DEBUG - _audio_data_worker writing audio data into queue.
2026-03-20 18:01:46.993 - RealTimeSTT: realtimestt - DEBUG - _audio_data_worker writing audio data into queue.
2026-03-20 18:01:48.017 - RealTimeSTT: realtimestt - DEBUG - _audio_data_worker writing audio data into queue.
2026-03-20 18:01:49.041 - RealTimeSTT: realtimestt - DEBUG - _audio_data_worker writing audio data into queue.
2026-03-20 18:01:50.065 - RealTimeSTT: realtimestt - DEBUG - _audio_data_worker writing audio data into queue.
2026-03-20 18:01:51.089 - RealTimeSTT: realtimestt - DEBUG - _audio_data_worker writing audio data into queue.
2026-03-20 18:01:52.113 - RealTimeSTT: realtimestt - DEBUG - _audio_data_worker writing audio data into queue.
2026-03-20 18:01:53.137 - RealTimeSTT: realtimestt - DEBUG - _audio_data_worker writing audio data into queue.
2026-03-20 18:01:54.161 - RealTimeSTT: realtimestt - DEBUG - _audio_data_worker writing audio data into queue.
2026-03-20 18:01:55.185 - RealTimeSTT: realtimestt - DEBUG - _audio_data_worker writing audio data into queue.
2026-03-20 18:01:56.209 - RealTimeSTT: realtimestt - DEBUG - _audio_data_worker writing audio data into queue.
2026-03-20 18:01:57.233 - RealTimeSTT: realtimestt - DEBUG - _audio_data_worker writing audio data into queue.
2026-03-20 18:01:58.257 - RealTimeSTT: realtimestt - DEBUG - _audio_data_worker writing audio data into queue.
2026-03-20 18:01:59.281 - RealTimeSTT: realtimestt - DEBUG - _audio_data_worker writing audio data into queue.
2026-03-20 18:02:00.305 - RealTimeSTT: realtimestt - DEBUG - _audio_data_worker writing audio data into queue.
2026-03-20 18:02:01.329 - RealTimeSTT: realtimestt - DEBUG - _audio_data_worker writing audio data into queue.
2026-03-20 18:02:02.353 - RealTimeSTT: realtimestt - DEBUG - _audio_data_worker writing audio data into queue.
2026-03-20 18:02:03.377 - RealTimeSTT: realtimestt - DEBUG - _audio_data_worker writing audio data into queue.
2026-03-20 18:02:04.401 - RealTimeSTT: realtimestt - DEBUG - _audio_data_worker writing audio data into queue.
2026-03-20 18:02:05.425 - RealTimeSTT: realtimestt - DEBUG - _audio_data_worker writing audio data into queue.
2026-03-20 18:02:06.449 - RealTimeSTT: realtimestt - DEBUG - _audio_data_worker writing audio data into queue.
2026-03-20 18:02:07.473 - RealTimeSTT: realtimestt - DEBUG - _audio_data_worker writing audio data into queue.
2026-03-20 18:02:08.497 - RealTimeSTT: realtimestt - DEBUG - _audio_data_worker writing audio data into queue.
2026-03-20 18:02:09.521 - RealTimeSTT: realtimestt - DEBUG - _audio_data_worker writing audio data into queue.
2026-03-20 18:02:10.545 - RealTimeSTT: realtimestt - DEBUG - _audio_data_worker writing audio data into queue.
2026-03-20 18:02:11.569 - RealTimeSTT: realtimestt - DEBUG - _audio_data_worker writing audio data into queue.
2026-03-20 18:02:12.593 - RealTimeSTT: realtimestt - DEBUG - _audio_data_worker writing audio data into queue.
2026-03-20 18:02:13.247 - RealTimeSTT: realtimestt - INFO - KeyboardInterrupt in wait_audio, shutting down
2026-03-20 18:02:13.247 - RealTimeSTT: realtimestt - DEBUG - Finishing recording thread
2026-03-20 18:02:13.253 - RealTimeSTT: realtimestt - DEBUG - Terminating reader process
2026-03-20 18:02:13.290 - RealTimeSTT: realtimestt - DEBUG - Terminating transcription process
2026-03-20 18:02:13.319 - RealTimeSTT: realtimestt - DEBUG - Finishing realtime thread
2026-03-20 18:02:13.425 - RealTimeSTT: realtimestt - INFO - KeyboardInterrupt in text() method
2026-03-20 18:02:13.425 - RealTimeSTT: realtimestt - INFO - recording stopped
2026-03-20 18:18:52.716 - RealTimeSTT: realtimestt - INFO - Starting RealTimeSTT
2026-03-20 18:18:52.786 - RealTimeSTT: realtimestt - INFO - Initializing audio recording (creating pyAudio input stream, sample rate: 16000 buffer size: 512
2026-03-20 18:18:52.786 - RealTimeSTT: realtimestt - DEBUG - Starting audio data worker with target_sample_rate=16000, buffer_size=512, input_device_index=5
2026-03-20 18:18:52.786 - RealTimeSTT: realtimestt - DEBUG - Creating PyAudio interface...
2026-03-20 18:18:52.786 - RealTimeSTT: realtimestt - INFO - Initializing WebRTC voice with Sensitivity 3
2026-03-20 18:18:52.787 - RealTimeSTT: realtimestt - DEBUG - WebRTC VAD voice activity detection engine initialized successfully
2026-03-20 18:18:52.883 - RealTimeSTT: realtimestt - DEBUG - Retrieving highest sample rate for device index 5: {'index': 5, 'structVersion': 2, 'name': 'HD-Audio Generic: ALC285 Analog (hw:2,0)', 'hostApi': 0, 'maxInputChannels': 2, 'maxOutputChannels': 2, 'defaultLowInputLatency': 0.005333333333333333, 'defaultLowOutputLatency': 0.005333333333333333, 'defaultHighInputLatency': 0.032, 'defaultHighOutputLatency': 0.032, 'defaultSampleRate': 48000.0}
2026-03-20 18:18:52.883 - RealTimeSTT: realtimestt - DEBUG - Highest supported sample rate for device index 5 is 48000
2026-03-20 18:18:52.883 - RealTimeSTT: realtimestt - DEBUG - Sample rates to try for device 5: [16000, 48000]
2026-03-20 18:18:52.883 - RealTimeSTT: realtimestt - DEBUG - Attempting to initialize audio stream at 16000 Hz.
2026-03-20 18:18:52.884 - RealTimeSTT: realtimestt - DEBUG - Found 10 total audio devices on the system.
2026-03-20 18:18:52.884 - RealTimeSTT: realtimestt - DEBUG - Available input devices with input channels: [5, 7, 8, 9]
2026-03-20 18:18:52.884 - RealTimeSTT: realtimestt - DEBUG - Validating device index 5 with info: {'index': 5, 'structVersion': 2, 'name': 'HD-Audio Generic: ALC285 Analog (hw:2,0)', 'hostApi': 0, 'maxInputChannels': 2, 'maxOutputChannels': 2, 'defaultLowInputLatency': 0.005333333333333333, 'defaultLowOutputLatency': 0.005333333333333333, 'defaultHighInputLatency': 0.032, 'defaultHighOutputLatency': 0.032, 'defaultSampleRate': 48000.0}
2026-03-20 18:18:52.885 - RealTimeSTT: realtimestt - DEBUG - Device validation failed for index 5: [Errno -9997] Invalid sample rate
2026-03-20 18:18:52.885 - RealTimeSTT: realtimestt - ERROR - Microphone connection failed: Selected device validation failed. Retrying...
Traceback (most recent call last):
  File "/home/sweaver/praxis/projects/cli/gollama/.venv/lib/python3.12/site-packages/RealtimeSTT/audio_recorder.py", line 1169, in initialize_audio_stream
    raise Exception("Selected device validation failed")
Exception: Selected device validation failed
2026-03-20 18:18:53.313 - RealTimeSTT: realtimestt - DEBUG - Silero VAD voice activity detection engine initialized successfully
2026-03-20 18:18:53.314 - RealTimeSTT: realtimestt - DEBUG - Starting realtime worker
2026-03-20 18:18:53.314 - RealTimeSTT: realtimestt - DEBUG - Waiting for main transcription model to start
2026-03-20 18:18:54.221 - RealTimeSTT: realtimestt - DEBUG - Main transcription model ready
2026-03-20 18:18:54.223 - RealTimeSTT: realtimestt - DEBUG - RealtimeSTT initialization completed successfully
2026-03-20 18:18:54.223 - RealTimeSTT: realtimestt - INFO - Setting listen time
2026-03-20 18:18:54.223 - RealTimeSTT: realtimestt - INFO - State changed from 'inactive' to 'listening'
2026-03-20 18:18:54.223 - RealTimeSTT: realtimestt - DEBUG - Waiting for recording start
2026-03-20 18:18:55.727 - RealTimeSTT: realtimestt - INFO - Setting microphone to: False
2026-03-20 18:18:55.887 - RealTimeSTT: realtimestt - DEBUG - Found 10 total audio devices on the system.
2026-03-20 18:18:55.887 - RealTimeSTT: realtimestt - DEBUG - Available input devices with input channels: [5, 7, 8, 9]
2026-03-20 18:18:55.887 - RealTimeSTT: realtimestt - DEBUG - Default device info: {'index': 9, 'structVersion': 2, 'name': 'default', 'hostApi': 0, 'maxInputChannels': 64, 'maxOutputChannels': 64, 'defaultLowInputLatency': 0.008684807256235827, 'defaultLowOutputLatency': 0.008684807256235827, 'defaultHighInputLatency': 0.034807256235827665, 'defaultHighOutputLatency': 0.034807256235827665, 'defaultSampleRate': 44100.0}
2026-03-20 18:18:55.887 - RealTimeSTT: realtimestt - DEBUG - Validating device index 9 with info: {'index': 9, 'structVersion': 2, 'name': 'default', 'hostApi': 0, 'maxInputChannels': 64, 'maxOutputChannels': 64, 'defaultLowInputLatency': 0.008684807256235827, 'defaultLowOutputLatency': 0.008684807256235827, 'defaultHighInputLatency': 0.034807256235827665, 'defaultHighOutputLatency': 0.034807256235827665, 'defaultSampleRate': 44100.0}
2026-03-20 18:18:56.077 - RealTimeSTT: realtimestt - DEBUG - Device index 9 successfully validated.
2026-03-20 18:18:56.077 - RealTimeSTT: realtimestt - DEBUG - Default device 9 selected.
2026-03-20 18:18:56.077 - RealTimeSTT: realtimestt - DEBUG - Validating device index 9 with info: {'index': 9, 'structVersion': 2, 'name': 'default', 'hostApi': 0, 'maxInputChannels': 64, 'maxOutputChannels': 64, 'defaultLowInputLatency': 0.008684807256235827, 'defaultLowOutputLatency': 0.008684807256235827, 'defaultHighInputLatency': 0.034807256235827665, 'defaultHighOutputLatency': 0.034807256235827665, 'defaultSampleRate': 44100.0}
2026-03-20 18:18:56.162 - RealTimeSTT: realtimestt - DEBUG - Device index 9 successfully validated.
2026-03-20 18:18:56.162 - RealTimeSTT: realtimestt - DEBUG - Opening stream with device index 9, sample_rate=16000, chunk_size=1024
2026-03-20 18:18:56.182 - RealTimeSTT: realtimestt - INFO - Microphone connected and validated (device index: 9, sample rate: 16000, chunk size: 1024)
2026-03-20 18:18:56.182 - RealTimeSTT: realtimestt - DEBUG - Audio recording initialized successfully at 16000 Hz, reading 1024 frames at a time
2026-03-20 18:19:00.743 - RealTimeSTT: realtimestt - INFO - Setting microphone to: True
2026-03-20 18:19:00.743 - RealTimeSTT: realtimestt - INFO - Setting microphone to: False
2026-03-20 18:19:08.612 - RealTimeSTT: realtimestt - INFO - Setting microphone to: True
2026-03-20 18:19:09.640 - RealTimeSTT: realtimestt - DEBUG - _audio_data_worker writing audio data into queue.
2026-03-20 18:19:10.665 - RealTimeSTT: realtimestt - DEBUG - _audio_data_worker writing audio data into queue.
2026-03-20 18:19:11.006 - RealTimeSTT: realtimestt - INFO - voice activity detected
2026-03-20 18:19:11.007 - RealTimeSTT: realtimestt - INFO - recording started
2026-03-20 18:19:11.007 - RealTimeSTT: realtimestt - INFO - State changed from 'listening' to 'recording'
2026-03-20 18:19:11.007 - RealTimeSTT: realtimestt - DEBUG - Waiting for recording stop
2026-03-20 18:19:11.688 - RealTimeSTT: realtimestt - DEBUG - _audio_data_worker writing audio data into queue.
2026-03-20 18:19:12.712 - RealTimeSTT: realtimestt - DEBUG - _audio_data_worker writing audio data into queue.
2026-03-20 18:19:13.737 - RealTimeSTT: realtimestt - DEBUG - _audio_data_worker writing audio data into queue.
2026-03-20 18:19:14.761 - RealTimeSTT: realtimestt - DEBUG - _audio_data_worker writing audio data into queue.
2026-03-20 18:19:15.784 - RealTimeSTT: realtimestt - DEBUG - _audio_data_worker writing audio data into queue.
2026-03-20 18:19:16.809 - RealTimeSTT: realtimestt - DEBUG - _audio_data_worker writing audio data into queue.
2026-03-20 18:19:17.833 - RealTimeSTT: realtimestt - DEBUG - _audio_data_worker writing audio data into queue.
2026-03-20 18:19:18.857 - RealTimeSTT: realtimestt - DEBUG - _audio_data_worker writing audio data into queue.
2026-03-20 18:19:19.880 - RealTimeSTT: realtimestt - DEBUG - _audio_data_worker writing audio data into queue.
2026-03-20 18:19:20.904 - RealTimeSTT: realtimestt - DEBUG - _audio_data_worker writing audio data into queue.
2026-03-20 18:19:21.929 - RealTimeSTT: realtimestt - DEBUG - _audio_data_worker writing audio data into queue.
2026-03-20 18:19:22.952 - RealTimeSTT: realtimestt - DEBUG - _audio_data_worker writing audio data into queue.
2026-03-20 18:19:23.976 - RealTimeSTT: realtimestt - DEBUG - _audio_data_worker writing audio data into queue.
2026-03-20 18:19:25.001 - RealTimeSTT: realtimestt - DEBUG - _audio_data_worker writing audio data into queue.
2026-03-20 18:19:26.024 - RealTimeSTT: realtimestt - DEBUG - _audio_data_worker writing audio data into queue.
2026-03-20 18:19:27.048 - RealTimeSTT: realtimestt - DEBUG - _audio_data_worker writing audio data into queue.
2026-03-20 18:19:28.073 - RealTimeSTT: realtimestt - DEBUG - _audio_data_worker writing audio data into queue.
2026-03-20 18:19:29.096 - RealTimeSTT: realtimestt - DEBUG - _audio_data_worker writing audio data into queue.
2026-03-20 18:19:30.121 - RealTimeSTT: realtimestt - DEBUG - _audio_data_worker writing audio data into queue.
2026-03-20 18:19:31.145 - RealTimeSTT: realtimestt - DEBUG - _audio_data_worker writing audio data into queue.
2026-03-20 18:19:32.168 - RealTimeSTT: realtimestt - DEBUG - _audio_data_worker writing audio data into queue.
2026-03-20 18:19:33.192 - RealTimeSTT: realtimestt - DEBUG - _audio_data_worker writing audio data into queue.
2026-03-20 18:19:34.216 - RealTimeSTT: realtimestt - DEBUG - _audio_data_worker writing audio data into queue.
2026-03-20 18:19:35.240 - RealTimeSTT: realtimestt - DEBUG - _audio_data_worker writing audio data into queue.
2026-03-20 18:19:36.264 - RealTimeSTT: realtimestt - DEBUG - _audio_data_worker writing audio data into queue.
2026-03-20 18:19:37.288 - RealTimeSTT: realtimestt - DEBUG - _audio_data_worker writing audio data into queue.
2026-03-20 18:19:38.312 - RealTimeSTT: realtimestt - DEBUG - _audio_data_worker writing audio data into queue.
2026-03-20 18:19:39.336 - RealTimeSTT: realtimestt - DEBUG - _audio_data_worker writing audio data into queue.
2026-03-20 18:19:40.360 - RealTimeSTT: realtimestt - DEBUG - _audio_data_worker writing audio data into queue.
2026-03-20 18:19:41.384 - RealTimeSTT: realtimestt - DEBUG - _audio_data_worker writing audio data into queue.
2026-03-20 18:19:42.408 - RealTimeSTT: realtimestt - DEBUG - _audio_data_worker writing audio data into queue.
2026-03-20 18:19:43.432 - RealTimeSTT: realtimestt - DEBUG - _audio_data_worker writing audio data into queue.
2026-03-20 18:19:44.456 - RealTimeSTT: realtimestt - DEBUG - _audio_data_worker writing audio data into queue.
2026-03-20 18:19:45.480 - RealTimeSTT: realtimestt - DEBUG - _audio_data_worker writing audio data into queue.
2026-03-20 18:19:46.504 - RealTimeSTT: realtimestt - DEBUG - _audio_data_worker writing audio data into queue.
2026-03-20 18:19:47.528 - RealTimeSTT: realtimestt - DEBUG - _audio_data_worker writing audio data into queue.
2026-03-20 18:19:48.552 - RealTimeSTT: realtimestt - DEBUG - _audio_data_worker writing audio data into queue.
2026-03-20 18:19:49.577 - RealTimeSTT: realtimestt - DEBUG - _audio_data_worker writing audio data into queue.
2026-03-20 18:19:50.600 - RealTimeSTT: realtimestt - DEBUG - _audio_data_worker writing audio data into queue.
2026-03-20 18:19:51.624 - RealTimeSTT: realtimestt - DEBUG - _audio_data_worker writing audio data into queue.
2026-03-20 18:19:52.648 - RealTimeSTT: realtimestt - DEBUG - _audio_data_worker writing audio data into queue.
2026-03-20 18:19:53.672 - RealTimeSTT: realtimestt - DEBUG - _audio_data_worker writing audio data into queue.
2026-03-20 18:19:54.645 - RealTimeSTT: realtimestt - INFO - KeyboardInterrupt in wait_audio, shutting down
2026-03-20 18:19:54.646 - RealTimeSTT: realtimestt - DEBUG - Finishing recording thread
2026-03-20 18:19:54.652 - RealTimeSTT: realtimestt - DEBUG - Terminating reader process
2026-03-20 18:19:54.661 - RealTimeSTT: realtimestt - DEBUG - Receive from stdout pipe
2026-03-20 18:19:54.662 - RealTimeSTT: realtimestt - INFO - None
2026-03-20 18:19:54.696 - RealTimeSTT: realtimestt - DEBUG - _audio_data_worker writing audio data into queue.
2026-03-20 18:19:54.710 - RealTimeSTT: realtimestt - DEBUG - Terminating transcription process
2026-03-20 18:19:54.711 - RealTimeSTT: realtimestt - DEBUG - Finishing realtime thread
2026-03-20 18:19:54.812 - RealTimeSTT: realtimestt - INFO - KeyboardInterrupt in text() method
2026-03-20 18:20:10.532 - RealTimeSTT: realtimestt - INFO - Starting RealTimeSTT
2026-03-20 18:20:10.599 - RealTimeSTT: realtimestt - INFO - Initializing audio recording (creating pyAudio input stream, sample rate: 16000 buffer size: 512
2026-03-20 18:20:10.599 - RealTimeSTT: realtimestt - DEBUG - Starting audio data worker with target_sample_rate=16000, buffer_size=512, input_device_index=5
2026-03-20 18:20:10.600 - RealTimeSTT: realtimestt - DEBUG - Creating PyAudio interface...
2026-03-20 18:20:10.600 - RealTimeSTT: realtimestt - INFO - Initializing WebRTC voice with Sensitivity 3
2026-03-20 18:20:10.600 - RealTimeSTT: realtimestt - DEBUG - WebRTC VAD voice activity detection engine initialized successfully
2026-03-20 18:20:10.697 - RealTimeSTT: realtimestt - DEBUG - Retrieving highest sample rate for device index 5: {'index': 5, 'structVersion': 2, 'name': 'HD-Audio Generic: ALC285 Analog (hw:2,0)', 'hostApi': 0, 'maxInputChannels': 2, 'maxOutputChannels': 2, 'defaultLowInputLatency': 0.005333333333333333, 'defaultLowOutputLatency': 0.005333333333333333, 'defaultHighInputLatency': 0.032, 'defaultHighOutputLatency': 0.032, 'defaultSampleRate': 48000.0}
2026-03-20 18:20:10.698 - RealTimeSTT: realtimestt - DEBUG - Highest supported sample rate for device index 5 is 48000
2026-03-20 18:20:10.698 - RealTimeSTT: realtimestt - DEBUG - Sample rates to try for device 5: [16000, 48000]
2026-03-20 18:20:10.698 - RealTimeSTT: realtimestt - DEBUG - Attempting to initialize audio stream at 16000 Hz.
2026-03-20 18:20:10.698 - RealTimeSTT: realtimestt - DEBUG - Found 10 total audio devices on the system.
2026-03-20 18:20:10.698 - RealTimeSTT: realtimestt - DEBUG - Available input devices with input channels: [5, 7, 8, 9]
2026-03-20 18:20:10.698 - RealTimeSTT: realtimestt - DEBUG - Validating device index 5 with info: {'index': 5, 'structVersion': 2, 'name': 'HD-Audio Generic: ALC285 Analog (hw:2,0)', 'hostApi': 0, 'maxInputChannels': 2, 'maxOutputChannels': 2, 'defaultLowInputLatency': 0.005333333333333333, 'defaultLowOutputLatency': 0.005333333333333333, 'defaultHighInputLatency': 0.032, 'defaultHighOutputLatency': 0.032, 'defaultSampleRate': 48000.0}
2026-03-20 18:20:10.699 - RealTimeSTT: realtimestt - DEBUG - Device validation failed for index 5: [Errno -9997] Invalid sample rate
2026-03-20 18:20:10.700 - RealTimeSTT: realtimestt - ERROR - Microphone connection failed: Selected device validation failed. Retrying...
Traceback (most recent call last):
  File "/home/sweaver/praxis/projects/cli/gollama/.venv/lib/python3.12/site-packages/RealtimeSTT/audio_recorder.py", line 1169, in initialize_audio_stream
    raise Exception("Selected device validation failed")
Exception: Selected device validation failed
2026-03-20 18:20:11.114 - RealTimeSTT: realtimestt - DEBUG - Silero VAD voice activity detection engine initialized successfully
2026-03-20 18:20:11.114 - RealTimeSTT: realtimestt - DEBUG - Starting realtime worker
2026-03-20 18:20:11.115 - RealTimeSTT: realtimestt - DEBUG - Waiting for main transcription model to start
2026-03-20 18:20:11.960 - RealTimeSTT: realtimestt - DEBUG - Main transcription model ready
2026-03-20 18:20:11.961 - RealTimeSTT: realtimestt - DEBUG - RealtimeSTT initialization completed successfully
2026-03-20 18:20:11.962 - RealTimeSTT: realtimestt - INFO - Setting listen time
2026-03-20 18:20:11.962 - RealTimeSTT: realtimestt - INFO - State changed from 'inactive' to 'listening'
2026-03-20 18:20:11.962 - RealTimeSTT: realtimestt - DEBUG - Waiting for recording start
2026-03-20 18:20:11.962 - RealTimeSTT: realtimestt - INFO - Setting microphone to: False
2026-03-20 18:20:13.701 - RealTimeSTT: realtimestt - DEBUG - Found 10 total audio devices on the system.
2026-03-20 18:20:13.701 - RealTimeSTT: realtimestt - DEBUG - Available input devices with input channels: [5, 7, 8, 9]
2026-03-20 18:20:13.701 - RealTimeSTT: realtimestt - DEBUG - Default device info: {'index': 9, 'structVersion': 2, 'name': 'default', 'hostApi': 0, 'maxInputChannels': 64, 'maxOutputChannels': 64, 'defaultLowInputLatency': 0.008684807256235827, 'defaultLowOutputLatency': 0.008684807256235827, 'defaultHighInputLatency': 0.034807256235827665, 'defaultHighOutputLatency': 0.034807256235827665, 'defaultSampleRate': 44100.0}
2026-03-20 18:20:13.701 - RealTimeSTT: realtimestt - DEBUG - Validating device index 9 with info: {'index': 9, 'structVersion': 2, 'name': 'default', 'hostApi': 0, 'maxInputChannels': 64, 'maxOutputChannels': 64, 'defaultLowInputLatency': 0.008684807256235827, 'defaultLowOutputLatency': 0.008684807256235827, 'defaultHighInputLatency': 0.034807256235827665, 'defaultHighOutputLatency': 0.034807256235827665, 'defaultSampleRate': 44100.0}
2026-03-20 18:20:13.878 - RealTimeSTT: realtimestt - DEBUG - Device index 9 successfully validated.
2026-03-20 18:20:13.878 - RealTimeSTT: realtimestt - DEBUG - Default device 9 selected.
2026-03-20 18:20:13.879 - RealTimeSTT: realtimestt - DEBUG - Validating device index 9 with info: {'index': 9, 'structVersion': 2, 'name': 'default', 'hostApi': 0, 'maxInputChannels': 64, 'maxOutputChannels': 64, 'defaultLowInputLatency': 0.008684807256235827, 'defaultLowOutputLatency': 0.008684807256235827, 'defaultHighInputLatency': 0.034807256235827665, 'defaultHighOutputLatency': 0.034807256235827665, 'defaultSampleRate': 44100.0}
2026-03-20 18:20:13.963 - RealTimeSTT: realtimestt - DEBUG - Device index 9 successfully validated.
2026-03-20 18:20:13.963 - RealTimeSTT: realtimestt - DEBUG - Opening stream with device index 9, sample_rate=16000, chunk_size=1024
2026-03-20 18:20:13.981 - RealTimeSTT: realtimestt - INFO - Microphone connected and validated (device index: 9, sample rate: 16000, chunk size: 1024)
2026-03-20 18:20:13.981 - RealTimeSTT: realtimestt - DEBUG - Audio recording initialized successfully at 16000 Hz, reading 1024 frames at a time
2026-03-20 18:20:21.953 - RealTimeSTT: realtimestt - INFO - Setting microphone to: True
2026-03-20 18:20:23.005 - RealTimeSTT: realtimestt - DEBUG - _audio_data_worker writing audio data into queue.
2026-03-20 18:20:24.029 - RealTimeSTT: realtimestt - DEBUG - _audio_data_worker writing audio data into queue.
2026-03-20 18:20:24.542 - RealTimeSTT: realtimestt - INFO - voice activity detected
2026-03-20 18:20:24.542 - RealTimeSTT: realtimestt - INFO - recording started
2026-03-20 18:20:24.542 - RealTimeSTT: realtimestt - INFO - State changed from 'listening' to 'recording'
2026-03-20 18:20:24.542 - RealTimeSTT: realtimestt - DEBUG - Waiting for recording stop
2026-03-20 18:20:25.053 - RealTimeSTT: realtimestt - DEBUG - _audio_data_worker writing audio data into queue.
2026-03-20 18:20:26.077 - RealTimeSTT: realtimestt - DEBUG - _audio_data_worker writing audio data into queue.
2026-03-20 18:20:27.101 - RealTimeSTT: realtimestt - DEBUG - _audio_data_worker writing audio data into queue.
2026-03-20 18:20:28.125 - RealTimeSTT: realtimestt - DEBUG - _audio_data_worker writing audio data into queue.
2026-03-20 18:20:29.149 - RealTimeSTT: realtimestt - DEBUG - _audio_data_worker writing audio data into queue.
2026-03-20 18:20:30.173 - RealTimeSTT: realtimestt - DEBUG - _audio_data_worker writing audio data into queue.
2026-03-20 18:20:31.197 - RealTimeSTT: realtimestt - DEBUG - _audio_data_worker writing audio data into queue.
2026-03-20 18:20:32.221 - RealTimeSTT: realtimestt - DEBUG - _audio_data_worker writing audio data into queue.
2026-03-20 18:20:33.245 - RealTimeSTT: realtimestt - DEBUG - _audio_data_worker writing audio data into queue.
2026-03-20 18:20:34.269 - RealTimeSTT: realtimestt - DEBUG - _audio_data_worker writing audio data into queue.
2026-03-20 18:20:35.293 - RealTimeSTT: realtimestt - DEBUG - _audio_data_worker writing audio data into queue.
2026-03-20 18:20:36.317 - RealTimeSTT: realtimestt - DEBUG - _audio_data_worker writing audio data into queue.
2026-03-20 18:20:37.341 - RealTimeSTT: realtimestt - DEBUG - _audio_data_worker writing audio data into queue.
2026-03-20 18:20:38.365 - RealTimeSTT: realtimestt - DEBUG - _audio_data_worker writing audio data into queue.
2026-03-20 18:20:39.389 - RealTimeSTT: realtimestt - DEBUG - _audio_data_worker writing audio data into queue.
2026-03-20 18:20:40.413 - RealTimeSTT: realtimestt - DEBUG - _audio_data_worker writing audio data into queue.
2026-03-20 18:20:41.437 - RealTimeSTT: realtimestt - DEBUG - _audio_data_worker writing audio data into queue.
2026-03-20 18:20:42.461 - RealTimeSTT: realtimestt - DEBUG - _audio_data_worker writing audio data into queue.
2026-03-20 18:20:43.485 - RealTimeSTT: realtimestt - DEBUG - _audio_data_worker writing audio data into queue.
2026-03-20 18:20:44.509 - RealTimeSTT: realtimestt - DEBUG - _audio_data_worker writing audio data into queue.
2026-03-20 18:20:45.533 - RealTimeSTT: realtimestt - DEBUG - _audio_data_worker writing audio data into queue.
2026-03-20 18:20:46.558 - RealTimeSTT: realtimestt - DEBUG - _audio_data_worker writing audio data into queue.
2026-03-20 18:20:47.581 - RealTimeSTT: realtimestt - DEBUG - _audio_data_worker writing audio data into queue.
2026-03-20 18:20:48.605 - RealTimeSTT: realtimestt - DEBUG - _audio_data_worker writing audio data into queue.
2026-03-20 18:20:49.629 - RealTimeSTT: realtimestt - DEBUG - _audio_data_worker writing audio data into queue.
2026-03-20 18:20:50.653 - RealTimeSTT: realtimestt - DEBUG - _audio_data_worker writing audio data into queue.
2026-03-20 18:20:51.677 - RealTimeSTT: realtimestt - DEBUG - _audio_data_worker writing audio data into queue.
2026-03-20 18:20:52.701 - RealTimeSTT: realtimestt - DEBUG - _audio_data_worker writing audio data into queue.
2026-03-20 18:20:53.725 - RealTimeSTT: realtimestt - DEBUG - _audio_data_worker writing audio data into queue.
2026-03-20 18:20:54.749 - RealTimeSTT: realtimestt - DEBUG - _audio_data_worker writing audio data into queue.
2026-03-20 18:20:55.773 - RealTimeSTT: realtimestt - DEBUG - _audio_data_worker writing audio data into queue.
2026-03-20 18:20:56.797 - RealTimeSTT: realtimestt - DEBUG - _audio_data_worker writing audio data into queue.
2026-03-20 18:20:57.821 - RealTimeSTT: realtimestt - DEBUG - _audio_data_worker writing audio data into queue.
2026-03-20 18:20:58.845 - RealTimeSTT: realtimestt - DEBUG - _audio_data_worker writing audio data into queue.
2026-03-20 18:20:59.869 - RealTimeSTT: realtimestt - DEBUG - _audio_data_worker writing audio data into queue.
2026-03-20 18:21:00.893 - RealTimeSTT: realtimestt - DEBUG - _audio_data_worker writing audio data into queue.
2026-03-20 18:21:01.917 - RealTimeSTT: realtimestt - DEBUG - _audio_data_worker writing audio data into queue.
2026-03-20 18:21:02.941 - RealTimeSTT: realtimestt - DEBUG - _audio_data_worker writing audio data into queue.
2026-03-20 18:21:03.965 - RealTimeSTT: realtimestt - DEBUG - _audio_data_worker writing audio data into queue.
2026-03-20 18:21:04.989 - RealTimeSTT: realtimestt - DEBUG - _audio_data_worker writing audio data into queue.
2026-03-20 18:21:06.013 - RealTimeSTT: realtimestt - DEBUG - _audio_data_worker writing audio data into queue.
2026-03-20 18:21:07.037 - RealTimeSTT: realtimestt - DEBUG - _audio_data_worker writing audio data into queue.
2026-03-20 18:21:08.061 - RealTimeSTT: realtimestt - DEBUG - _audio_data_worker writing audio data into queue.
2026-03-20 18:21:09.085 - RealTimeSTT: realtimestt - DEBUG - _audio_data_worker writing audio data into queue.
2026-03-20 18:21:10.109 - RealTimeSTT: realtimestt - DEBUG - _audio_data_worker writing audio data into queue.
2026-03-20 18:21:11.133 - RealTimeSTT: realtimestt - DEBUG - _audio_data_worker writing audio data into queue.
2026-03-20 18:21:12.157 - RealTimeSTT: realtimestt - DEBUG - _audio_data_worker writing audio data into queue.
2026-03-20 18:21:13.181 - RealTimeSTT: realtimestt - DEBUG - _audio_data_worker writing audio data into queue.
2026-03-20 18:21:14.205 - RealTimeSTT: realtimestt - DEBUG - _audio_data_worker writing audio data into queue.
2026-03-20 18:21:15.229 - RealTimeSTT: realtimestt - DEBUG - _audio_data_worker writing audio data into queue.
2026-03-20 18:21:16.253 - RealTimeSTT: realtimestt - DEBUG - _audio_data_worker writing audio data into queue.
2026-03-20 18:21:17.277 - RealTimeSTT: realtimestt - DEBUG - _audio_data_worker writing audio data into queue.
2026-03-20 18:21:18.301 - RealTimeSTT: realtimestt - DEBUG - _audio_data_worker writing audio data into queue.
2026-03-20 18:21:19.325 - RealTimeSTT: realtimestt - DEBUG - _audio_data_worker writing audio data into queue.
2026-03-20 18:21:20.349 - RealTimeSTT: realtimestt - DEBUG - _audio_data_worker writing audio data into queue.
2026-03-20 18:21:21.373 - RealTimeSTT: realtimestt - DEBUG - _audio_data_worker writing audio data into queue.
2026-03-20 18:21:22.397 - RealTimeSTT: realtimestt - DEBUG - _audio_data_worker writing audio data into queue.
2026-03-20 18:21:23.421 - RealTimeSTT: realtimestt - DEBUG - _audio_data_worker writing audio data into queue.
2026-03-20 18:21:24.445 - RealTimeSTT: realtimestt - DEBUG - _audio_data_worker writing audio data into queue.
2026-03-20 18:21:25.469 - RealTimeSTT: realtimestt - DEBUG - _audio_data_worker writing audio data into queue.
2026-03-20 18:21:26.493 - RealTimeSTT: realtimestt - DEBUG - _audio_data_worker writing audio data into queue.
2026-03-20 18:21:27.517 - RealTimeSTT: realtimestt - DEBUG - _audio_data_worker writing audio data into queue.
2026-03-20 18:21:28.541 - RealTimeSTT: realtimestt - DEBUG - _audio_data_worker writing audio data into queue.
2026-03-20 18:21:29.565 - RealTimeSTT: realtimestt - DEBUG - _audio_data_worker writing audio data into queue.
2026-03-20 18:21:30.589 - RealTimeSTT: realtimestt - DEBUG - _audio_data_worker writing audio data into queue.
2026-03-20 18:21:31.613 - RealTimeSTT: realtimestt - DEBUG - _audio_data_worker writing audio data into queue.
2026-03-20 18:21:32.637 - RealTimeSTT: realtimestt - DEBUG - _audio_data_worker writing audio data into queue.
2026-03-20 18:21:33.661 - RealTimeSTT: realtimestt - DEBUG - _audio_data_worker writing audio data into queue.
2026-03-20 18:21:34.685 - RealTimeSTT: realtimestt - DEBUG - _audio_data_worker writing audio data into queue.
2026-03-20 18:21:35.709 - RealTimeSTT: realtimestt - DEBUG - _audio_data_worker writing audio data into queue.
2026-03-20 18:21:36.733 - RealTimeSTT: realtimestt - DEBUG - _audio_data_worker writing audio data into queue.
2026-03-20 18:21:37.757 - RealTimeSTT: realtimestt - DEBUG - _audio_data_worker writing audio data into queue.
2026-03-20 18:21:38.781 - RealTimeSTT: realtimestt - DEBUG - _audio_data_worker writing audio data into queue.
2026-03-20 18:21:39.805 - RealTimeSTT: realtimestt - DEBUG - _audio_data_worker writing audio data into queue.
2026-03-20 18:21:40.829 - RealTimeSTT: realtimestt - DEBUG - _audio_data_worker writing audio data into queue.
2026-03-20 18:21:41.853 - RealTimeSTT: realtimestt - DEBUG - _audio_data_worker writing audio data into queue.
2026-03-20 18:21:42.877 - RealTimeSTT: realtimestt - DEBUG - _audio_data_worker writing audio data into queue.
2026-03-20 18:21:43.901 - RealTimeSTT: realtimestt - DEBUG - _audio_data_worker writing audio data into queue.
2026-03-20 18:21:44.925 - RealTimeSTT: realtimestt - DEBUG - _audio_data_worker writing audio data into queue.
2026-03-20 18:21:45.949 - RealTimeSTT: realtimestt - DEBUG - _audio_data_worker writing audio data into queue.
2026-03-20 18:21:46.973 - RealTimeSTT: realtimestt - DEBUG - _audio_data_worker writing audio data into queue.
2026-03-20 18:21:47.997 - RealTimeSTT: realtimestt - DEBUG - _audio_data_worker writing audio data into queue.
2026-03-20 18:21:49.021 - RealTimeSTT: realtimestt - DEBUG - _audio_data_worker writing audio data into queue.
2026-03-20 18:21:50.045 - RealTimeSTT: realtimestt - DEBUG - _audio_data_worker writing audio data into queue.
2026-03-20 18:21:51.069 - RealTimeSTT: realtimestt - DEBUG - _audio_data_worker writing audio data into queue.
2026-03-20 18:21:52.093 - RealTimeSTT: realtimestt - DEBUG - _audio_data_worker writing audio data into queue.
2026-03-20 18:21:53.117 - RealTimeSTT: realtimestt - DEBUG - _audio_data_worker writing audio data into queue.
2026-03-20 18:21:54.141 - RealTimeSTT: realtimestt - DEBUG - _audio_data_worker writing audio data into queue.
2026-03-20 18:21:55.165 - RealTimeSTT: realtimestt - DEBUG - _audio_data_worker writing audio data into queue.
2026-03-20 18:21:56.189 - RealTimeSTT: realtimestt - DEBUG - _audio_data_worker writing audio data into queue.
2026-03-20 18:21:57.213 - RealTimeSTT: realtimestt - DEBUG - _audio_data_worker writing audio data into queue.
2026-03-20 18:21:58.237 - RealTimeSTT: realtimestt - DEBUG - _audio_data_worker writing audio data into queue.
2026-03-20 18:21:59.261 - RealTimeSTT: realtimestt - DEBUG - _audio_data_worker writing audio data into queue.
2026-03-20 18:22:00.285 - RealTimeSTT: realtimestt - DEBUG - _audio_data_worker writing audio data into queue.
2026-03-20 18:22:01.309 - RealTimeSTT: realtimestt - DEBUG - _audio_data_worker writing audio data into queue.
2026-03-20 18:22:02.333 - RealTimeSTT: realtimestt - DEBUG - _audio_data_worker writing audio data into queue.
2026-03-20 18:22:03.357 - RealTimeSTT: realtimestt - DEBUG - _audio_data_worker writing audio data into queue.
2026-03-20 18:22:04.381 - RealTimeSTT: realtimestt - DEBUG - _audio_data_worker writing audio data into queue.
2026-03-20 18:22:05.405 - RealTimeSTT: realtimestt - DEBUG - _audio_data_worker writing audio data into queue.
2026-03-20 18:22:06.429 - RealTimeSTT: realtimestt - DEBUG - _audio_data_worker writing audio data into queue.
2026-03-20 18:22:07.454 - RealTimeSTT: realtimestt - DEBUG - _audio_data_worker writing audio data into queue.
2026-03-20 18:22:08.477 - RealTimeSTT: realtimestt - DEBUG - _audio_data_worker writing audio data into queue.
2026-03-20 18:22:09.502 - RealTimeSTT: realtimestt - DEBUG - _audio_data_worker writing audio data into queue.
2026-03-20 18:22:10.525 - RealTimeSTT: realtimestt - DEBUG - _audio_data_worker writing audio data into queue.
2026-03-20 18:22:11.549 - RealTimeSTT: realtimestt - DEBUG - _audio_data_worker writing audio data into queue.
2026-03-20 18:22:12.573 - RealTimeSTT: realtimestt - DEBUG - _audio_data_worker writing audio data into queue.
2026-03-20 18:22:13.598 - RealTimeSTT: realtimestt - DEBUG - _audio_data_worker writing audio data into queue.
2026-03-20 18:22:14.621 - RealTimeSTT: realtimestt - DEBUG - _audio_data_worker writing audio data into queue.
2026-03-20 18:22:15.645 - RealTimeSTT: realtimestt - DEBUG - _audio_data_worker writing audio data into queue.
2026-03-20 18:22:16.669 - RealTimeSTT: realtimestt - DEBUG - _audio_data_worker writing audio data into queue.
2026-03-20 18:22:17.693 - RealTimeSTT: realtimestt - DEBUG - _audio_data_worker writing audio data into queue.
2026-03-20 18:22:18.718 - RealTimeSTT: realtimestt - DEBUG - _audio_data_worker writing audio data into queue.
2026-03-20 18:22:19.741 - RealTimeSTT: realtimestt - DEBUG - _audio_data_worker writing audio data into queue.
2026-03-20 18:22:20.765 - RealTimeSTT: realtimestt - DEBUG - _audio_data_worker writing audio data into queue.
2026-03-20 18:22:21.789 - RealTimeSTT: realtimestt - DEBUG - _audio_data_worker writing audio data into queue.
2026-03-20 18:22:22.814 - RealTimeSTT: realtimestt - DEBUG - _audio_data_worker writing audio data into queue.
2026-03-20 18:22:23.837 - RealTimeSTT: realtimestt - DEBUG - _audio_data_worker writing audio data into queue.
2026-03-20 18:22:24.861 - RealTimeSTT: realtimestt - DEBUG - _audio_data_worker writing audio data into queue.
2026-03-20 18:22:25.886 - RealTimeSTT: realtimestt - DEBUG - _audio_data_worker writing audio data into queue.
2026-03-20 18:22:26.910 - RealTimeSTT: realtimestt - DEBUG - _audio_data_worker writing audio data into queue.
2026-03-20 18:22:27.933 - RealTimeSTT: realtimestt - DEBUG - _audio_data_worker writing audio data into queue.
2026-03-20 18:22:28.958 - RealTimeSTT: realtimestt - DEBUG - _audio_data_worker writing audio data into queue.
2026-03-20 18:22:29.982 - RealTimeSTT: realtimestt - DEBUG - _audio_data_worker writing audio data into queue.
2026-03-20 18:22:31.006 - RealTimeSTT: realtimestt - DEBUG - _audio_data_worker writing audio data into queue.
2026-03-20 18:22:32.030 - RealTimeSTT: realtimestt - DEBUG - _audio_data_worker writing audio data into queue.
2026-03-20 18:22:33.054 - RealTimeSTT: realtimestt - DEBUG - _audio_data_worker writing audio data into queue.
2026-03-20 18:22:34.078 - RealTimeSTT: realtimestt - DEBUG - _audio_data_worker writing audio data into queue.
2026-03-20 18:22:35.102 - RealTimeSTT: realtimestt - DEBUG - _audio_data_worker writing audio data into queue.
2026-03-20 18:22:36.126 - RealTimeSTT: realtimestt - DEBUG - _audio_data_worker writing audio data into queue.
2026-03-20 18:22:37.150 - RealTimeSTT: realtimestt - DEBUG - _audio_data_worker writing audio data into queue.
2026-03-20 18:22:38.174 - RealTimeSTT: realtimestt - DEBUG - _audio_data_worker writing audio data into queue.
2026-03-20 18:22:39.198 - RealTimeSTT: realtimestt - DEBUG - _audio_data_worker writing audio data into queue.
2026-03-20 18:22:40.222 - RealTimeSTT: realtimestt - DEBUG - _audio_data_worker writing audio data into queue.
2026-03-20 18:22:41.246 - RealTimeSTT: realtimestt - DEBUG - _audio_data_worker writing audio data into queue.
2026-03-20 18:22:42.270 - RealTimeSTT: realtimestt - DEBUG - _audio_data_worker writing audio data into queue.
2026-03-20 18:22:43.294 - RealTimeSTT: realtimestt - DEBUG - _audio_data_worker writing audio data into queue.
2026-03-20 18:22:44.318 - RealTimeSTT: realtimestt - DEBUG - _audio_data_worker writing audio data into queue.
2026-03-20 18:22:45.342 - RealTimeSTT: realtimestt - DEBUG - _audio_data_worker writing audio data into queue.
2026-03-20 18:22:46.366 - RealTimeSTT: realtimestt - DEBUG - _audio_data_worker writing audio data into queue.
2026-03-20 18:22:47.390 - RealTimeSTT: realtimestt - DEBUG - _audio_data_worker writing audio data into queue.
2026-03-20 18:22:48.414 - RealTimeSTT: realtimestt - DEBUG - _audio_data_worker writing audio data into queue.
2026-03-20 18:22:49.438 - RealTimeSTT: realtimestt - DEBUG - _audio_data_worker writing audio data into queue.
2026-03-20 18:22:50.462 - RealTimeSTT: realtimestt - DEBUG - _audio_data_worker writing audio data into queue.
2026-03-20 18:22:51.486 - RealTimeSTT: realtimestt - DEBUG - _audio_data_worker writing audio data into queue.
2026-03-20 18:22:52.510 - RealTimeSTT: realtimestt - DEBUG - _audio_data_worker writing audio data into queue.
2026-03-20 18:22:53.534 - RealTimeSTT: realtimestt - DEBUG - _audio_data_worker writing audio data into queue.
2026-03-20 18:22:54.558 - RealTimeSTT: realtimestt - DEBUG - _audio_data_worker writing audio data into queue.
2026-03-20 18:22:55.582 - RealTimeSTT: realtimestt - DEBUG - _audio_data_worker writing audio data into queue.
2026-03-20 18:22:56.606 - RealTimeSTT: realtimestt - DEBUG - _audio_data_worker writing audio data into queue.
2026-03-20 18:22:57.630 - RealTimeSTT: realtimestt - DEBUG - _audio_data_worker writing audio data into queue.
2026-03-20 18:22:58.654 - RealTimeSTT: realtimestt - DEBUG - _audio_data_worker writing audio data into queue.
2026-03-20 18:22:59.678 - RealTimeSTT: realtimestt - DEBUG - _audio_data_worker writing audio data into queue.
2026-03-20 18:23:00.702 - RealTimeSTT: realtimestt - DEBUG - _audio_data_worker writing audio data into queue.
2026-03-20 18:23:01.726 - RealTimeSTT: realtimestt - DEBUG - _audio_data_worker writing audio data into queue.
2026-03-20 18:23:02.750 - RealTimeSTT: realtimestt - DEBUG - _audio_data_worker writing audio data into queue.
2026-03-20 18:23:03.774 - RealTimeSTT: realtimestt - DEBUG - _audio_data_worker writing audio data into queue.
2026-03-20 18:23:04.798 - RealTimeSTT: realtimestt - DEBUG - _audio_data_worker writing audio data into queue.
2026-03-20 18:23:05.822 - RealTimeSTT: realtimestt - DEBUG - _audio_data_worker writing audio data into queue.
2026-03-20 18:23:06.846 - RealTimeSTT: realtimestt - DEBUG - _audio_data_worker writing audio data into queue.
2026-03-20 18:23:07.870 - RealTimeSTT: realtimestt - DEBUG - _audio_data_worker writing audio data into queue.
2026-03-20 18:23:08.894 - RealTimeSTT: realtimestt - DEBUG - _audio_data_worker writing audio data into queue.
2026-03-20 18:23:09.918 - RealTimeSTT: realtimestt - DEBUG - _audio_data_worker writing audio data into queue.
2026-03-20 18:23:10.942 - RealTimeSTT: realtimestt - DEBUG - _audio_data_worker writing audio data into queue.
2026-03-20 18:23:11.966 - RealTimeSTT: realtimestt - DEBUG - _audio_data_worker writing audio data into queue.
2026-03-20 18:23:12.990 - RealTimeSTT: realtimestt - DEBUG - _audio_data_worker writing audio data into queue.
2026-03-20 18:23:14.014 - RealTimeSTT: realtimestt - DEBUG - _audio_data_worker writing audio data into queue.
2026-03-20 18:23:15.038 - RealTimeSTT: realtimestt - DEBUG - _audio_data_worker writing audio data into queue.
2026-03-20 18:23:16.062 - RealTimeSTT: realtimestt - DEBUG - _audio_data_worker writing audio data into queue.
2026-03-20 18:23:17.086 - RealTimeSTT: realtimestt - DEBUG - _audio_data_worker writing audio data into queue.
2026-03-20 18:23:18.110 - RealTimeSTT: realtimestt - DEBUG - _audio_data_worker writing audio data into queue.
2026-03-20 18:23:19.134 - RealTimeSTT: realtimestt - DEBUG - _audio_data_worker writing audio data into queue.
2026-03-20 18:23:20.158 - RealTimeSTT: realtimestt - DEBUG - _audio_data_worker writing audio data into queue.
2026-03-20 18:23:21.182 - RealTimeSTT: realtimestt - DEBUG - _audio_data_worker writing audio data into queue.
2026-03-20 18:23:22.206 - RealTimeSTT: realtimestt - DEBUG - _audio_data_worker writing audio data into queue.
2026-03-20 18:23:23.230 - RealTimeSTT: realtimestt - DEBUG - _audio_data_worker writing audio data into queue.
2026-03-20 18:23:24.254 - RealTimeSTT: realtimestt - DEBUG - _audio_data_worker writing audio data into queue.
2026-03-20 18:23:25.278 - RealTimeSTT: realtimestt - DEBUG - _audio_data_worker writing audio data into queue.
2026-03-20 18:23:26.302 - RealTimeSTT: realtimestt - DEBUG - _audio_data_worker writing audio data into queue.
2026-03-20 18:23:27.326 - RealTimeSTT: realtimestt - DEBUG - _audio_data_worker writing audio data into queue.
2026-03-20 18:23:28.350 - RealTimeSTT: realtimestt - DEBUG - _audio_data_worker writing audio data into queue.
2026-03-20 18:23:29.374 - RealTimeSTT: realtimestt - DEBUG - _audio_data_worker writing audio data into queue.
2026-03-20 18:23:30.398 - RealTimeSTT: realtimestt - DEBUG - _audio_data_worker writing audio data into queue.
2026-03-20 18:23:31.422 - RealTimeSTT: realtimestt - DEBUG - _audio_data_worker writing audio data into queue.
2026-03-20 18:23:32.446 - RealTimeSTT: realtimestt - DEBUG - _audio_data_worker writing audio data into queue.
2026-03-20 18:23:33.470 - RealTimeSTT: realtimestt - DEBUG - _audio_data_worker writing audio data into queue.
2026-03-20 18:23:34.494 - RealTimeSTT: realtimestt - DEBUG - _audio_data_worker writing audio data into queue.
2026-03-20 18:23:35.518 - RealTimeSTT: realtimestt - DEBUG - _audio_data_worker writing audio data into queue.
2026-03-20 18:23:36.542 - RealTimeSTT: realtimestt - DEBUG - _audio_data_worker writing audio data into queue.
2026-03-20 18:23:37.566 - RealTimeSTT: realtimestt - DEBUG - _audio_data_worker writing audio data into queue.
2026-03-20 18:23:38.590 - RealTimeSTT: realtimestt - DEBUG - _audio_data_worker writing audio data into queue.
2026-03-20 18:23:39.615 - RealTimeSTT: realtimestt - DEBUG - _audio_data_worker writing audio data into queue.
2026-03-20 18:23:40.638 - RealTimeSTT: realtimestt - DEBUG - _audio_data_worker writing audio data into queue.
2026-03-20 18:23:41.662 - RealTimeSTT: realtimestt - DEBUG - _audio_data_worker writing audio data into queue.
2026-03-20 18:23:42.686 - RealTimeSTT: realtimestt - DEBUG - _audio_data_worker writing audio data into queue.
2026-03-20 18:23:43.710 - RealTimeSTT: realtimestt - DEBUG - _audio_data_worker writing audio data into queue.
2026-03-20 18:23:44.735 - RealTimeSTT: realtimestt - DEBUG - _audio_data_worker writing audio data into queue.
2026-03-20 18:23:45.758 - RealTimeSTT: realtimestt - DEBUG - _audio_data_worker writing audio data into queue.
2026-03-20 18:23:46.782 - RealTimeSTT: realtimestt - DEBUG - _audio_data_worker writing audio data into queue.
2026-03-20 18:23:47.806 - RealTimeSTT: realtimestt - DEBUG - _audio_data_worker writing audio data into queue.
2026-03-20 18:23:48.830 - RealTimeSTT: realtimestt - DEBUG - _audio_data_worker writing audio data into queue.
2026-03-20 18:23:49.854 - RealTimeSTT: realtimestt - DEBUG - _audio_data_worker writing audio data into queue.
2026-03-20 18:23:50.879 - RealTimeSTT: realtimestt - DEBUG - _audio_data_worker writing audio data into queue.
2026-03-20 18:23:51.902 - RealTimeSTT: realtimestt - DEBUG - _audio_data_worker writing audio data into queue.
2026-03-20 18:23:52.926 - RealTimeSTT: realtimestt - DEBUG - _audio_data_worker writing audio data into queue.
2026-03-20 18:23:53.950 - RealTimeSTT: realtimestt - DEBUG - _audio_data_worker writing audio data into queue.
2026-03-20 18:23:54.974 - RealTimeSTT: realtimestt - DEBUG - _audio_data_worker writing audio data into queue.
2026-03-20 18:23:55.999 - RealTimeSTT: realtimestt - DEBUG - _audio_data_worker writing audio data into queue.
2026-03-20 18:23:57.022 - RealTimeSTT: realtimestt - DEBUG - _audio_data_worker writing audio data into queue.
2026-03-20 18:23:58.046 - RealTimeSTT: realtimestt - DEBUG - _audio_data_worker writing audio data into queue.
2026-03-20 18:23:59.071 - RealTimeSTT: realtimestt - DEBUG - _audio_data_worker writing audio data into queue.
2026-03-20 18:24:00.094 - RealTimeSTT: realtimestt - DEBUG - _audio_data_worker writing audio data into queue.
2026-03-20 18:24:01.119 - RealTimeSTT: realtimestt - DEBUG - _audio_data_worker writing audio data into queue.
2026-03-20 18:24:02.142 - RealTimeSTT: realtimestt - DEBUG - _audio_data_worker writing audio data into queue.
2026-03-20 18:24:03.166 - RealTimeSTT: realtimestt - DEBUG - _audio_data_worker writing audio data into queue.
2026-03-20 18:24:04.191 - RealTimeSTT: realtimestt - DEBUG - _audio_data_worker writing audio data into queue.
2026-03-20 18:24:05.214 - RealTimeSTT: realtimestt - DEBUG - _audio_data_worker writing audio data into queue.
2026-03-20 18:24:05.651 - RealTimeSTT: realtimestt - INFO - KeyboardInterrupt in wait_audio, shutting down
2026-03-20 18:24:05.651 - RealTimeSTT: realtimestt - DEBUG - Finishing recording thread
2026-03-20 18:24:05.652 - RealTimeSTT: realtimestt - DEBUG - Terminating reader process
2026-03-20 18:24:05.707 - RealTimeSTT: realtimestt - DEBUG - Receive from stdout pipe
2026-03-20 18:24:05.707 - RealTimeSTT: realtimestt - INFO - None
2026-03-20 18:24:05.745 - RealTimeSTT: realtimestt - DEBUG - Terminating transcription process
2026-03-20 18:24:05.746 - RealTimeSTT: realtimestt - DEBUG - Finishing realtime thread
2026-03-20 18:24:05.848 - RealTimeSTT: realtimestt - INFO - KeyboardInterrupt in text() method
2026-03-20 18:41:56.255 - RealTimeSTT: realtimestt - INFO - Starting RealTimeSTT
2026-03-20 18:41:56.395 - RealTimeSTT: realtimestt - INFO - Initializing audio recording (creating pyAudio input stream, sample rate: 16000 buffer size: 512
2026-03-20 18:41:56.396 - RealTimeSTT: realtimestt - DEBUG - Starting audio data worker with target_sample_rate=16000, buffer_size=512, input_device_index=5
2026-03-20 18:41:56.396 - RealTimeSTT: realtimestt - DEBUG - Creating PyAudio interface...
2026-03-20 18:41:56.396 - RealTimeSTT: realtimestt - INFO - Initializing WebRTC voice with Sensitivity 3
2026-03-20 18:41:56.396 - RealTimeSTT: realtimestt - DEBUG - WebRTC VAD voice activity detection engine initialized successfully
2026-03-20 18:41:56.495 - RealTimeSTT: realtimestt - DEBUG - Retrieving highest sample rate for device index 5: {'index': 5, 'structVersion': 2, 'name': 'HD-Audio Generic: ALC285 Analog (hw:2,0)', 'hostApi': 0, 'maxInputChannels': 2, 'maxOutputChannels': 2, 'defaultLowInputLatency': 0.005333333333333333, 'defaultLowOutputLatency': 0.005333333333333333, 'defaultHighInputLatency': 0.032, 'defaultHighOutputLatency': 0.032, 'defaultSampleRate': 48000.0}
2026-03-20 18:41:56.496 - RealTimeSTT: realtimestt - DEBUG - Highest supported sample rate for device index 5 is 48000
2026-03-20 18:41:56.496 - RealTimeSTT: realtimestt - DEBUG - Sample rates to try for device 5: [16000, 48000]
2026-03-20 18:41:56.496 - RealTimeSTT: realtimestt - DEBUG - Attempting to initialize audio stream at 16000 Hz.
2026-03-20 18:41:56.496 - RealTimeSTT: realtimestt - DEBUG - Found 10 total audio devices on the system.
2026-03-20 18:41:56.496 - RealTimeSTT: realtimestt - DEBUG - Available input devices with input channels: [5, 7, 8, 9]
2026-03-20 18:41:56.498 - RealTimeSTT: realtimestt - DEBUG - Validating device index 5 with info: {'index': 5, 'structVersion': 2, 'name': 'HD-Audio Generic: ALC285 Analog (hw:2,0)', 'hostApi': 0, 'maxInputChannels': 2, 'maxOutputChannels': 2, 'defaultLowInputLatency': 0.005333333333333333, 'defaultLowOutputLatency': 0.005333333333333333, 'defaultHighInputLatency': 0.032, 'defaultHighOutputLatency': 0.032, 'defaultSampleRate': 48000.0}
2026-03-20 18:41:56.498 - RealTimeSTT: realtimestt - DEBUG - Device validation failed for index 5: [Errno -9997] Invalid sample rate
2026-03-20 18:41:56.498 - RealTimeSTT: realtimestt - ERROR - Microphone connection failed: Selected device validation failed. Retrying...
Traceback (most recent call last):
  File "/home/sweaver/praxis/projects/cli/gollama/.venv/lib/python3.12/site-packages/RealtimeSTT/audio_recorder.py", line 1169, in initialize_audio_stream
    raise Exception("Selected device validation failed")
Exception: Selected device validation failed
2026-03-20 18:41:56.920 - RealTimeSTT: realtimestt - DEBUG - Silero VAD voice activity detection engine initialized successfully
2026-03-20 18:41:56.921 - RealTimeSTT: realtimestt - DEBUG - Starting realtime worker
2026-03-20 18:41:56.921 - RealTimeSTT: realtimestt - DEBUG - Waiting for main transcription model to start
2026-03-20 18:41:57.828 - RealTimeSTT: realtimestt - DEBUG - Main transcription model ready
2026-03-20 18:41:57.829 - RealTimeSTT: realtimestt - DEBUG - RealtimeSTT initialization completed successfully
2026-03-20 18:41:57.830 - RealTimeSTT: realtimestt - INFO - Setting listen time
2026-03-20 18:41:57.830 - RealTimeSTT: realtimestt - INFO - State changed from 'inactive' to 'listening'
2026-03-20 18:41:57.830 - RealTimeSTT: realtimestt - INFO - Setting microphone to: False
2026-03-20 18:41:57.830 - RealTimeSTT: realtimestt - DEBUG - Waiting for recording start
2026-03-20 18:41:59.500 - RealTimeSTT: realtimestt - DEBUG - Found 10 total audio devices on the system.
2026-03-20 18:41:59.500 - RealTimeSTT: realtimestt - DEBUG - Available input devices with input channels: [5, 7, 8, 9]
2026-03-20 18:41:59.500 - RealTimeSTT: realtimestt - DEBUG - Default device info: {'index': 9, 'structVersion': 2, 'name': 'default', 'hostApi': 0, 'maxInputChannels': 64, 'maxOutputChannels': 64, 'defaultLowInputLatency': 0.008684807256235827, 'defaultLowOutputLatency': 0.008684807256235827, 'defaultHighInputLatency': 0.034807256235827665, 'defaultHighOutputLatency': 0.034807256235827665, 'defaultSampleRate': 44100.0}
2026-03-20 18:41:59.500 - RealTimeSTT: realtimestt - DEBUG - Validating device index 9 with info: {'index': 9, 'structVersion': 2, 'name': 'default', 'hostApi': 0, 'maxInputChannels': 64, 'maxOutputChannels': 64, 'defaultLowInputLatency': 0.008684807256235827, 'defaultLowOutputLatency': 0.008684807256235827, 'defaultHighInputLatency': 0.034807256235827665, 'defaultHighOutputLatency': 0.034807256235827665, 'defaultSampleRate': 44100.0}
2026-03-20 18:41:59.669 - RealTimeSTT: realtimestt - DEBUG - Device index 9 successfully validated.
2026-03-20 18:41:59.669 - RealTimeSTT: realtimestt - DEBUG - Default device 9 selected.
2026-03-20 18:41:59.669 - RealTimeSTT: realtimestt - DEBUG - Validating device index 9 with info: {'index': 9, 'structVersion': 2, 'name': 'default', 'hostApi': 0, 'maxInputChannels': 64, 'maxOutputChannels': 64, 'defaultLowInputLatency': 0.008684807256235827, 'defaultLowOutputLatency': 0.008684807256235827, 'defaultHighInputLatency': 0.034807256235827665, 'defaultHighOutputLatency': 0.034807256235827665, 'defaultSampleRate': 44100.0}
2026-03-20 18:41:59.754 - RealTimeSTT: realtimestt - DEBUG - Device index 9 successfully validated.
2026-03-20 18:41:59.754 - RealTimeSTT: realtimestt - DEBUG - Opening stream with device index 9, sample_rate=16000, chunk_size=1024
2026-03-20 18:41:59.773 - RealTimeSTT: realtimestt - INFO - Microphone connected and validated (device index: 9, sample rate: 16000, chunk size: 1024)
2026-03-20 18:41:59.773 - RealTimeSTT: realtimestt - DEBUG - Audio recording initialized successfully at 16000 Hz, reading 1024 frames at a time
2026-03-20 18:42:12.177 - RealTimeSTT: realtimestt - INFO - Setting microphone to: True
2026-03-20 18:42:13.233 - RealTimeSTT: realtimestt - DEBUG - _audio_data_worker writing audio data into queue.
2026-03-20 18:42:13.831 - RealTimeSTT: realtimestt - INFO - voice activity detected
2026-03-20 18:42:13.831 - RealTimeSTT: realtimestt - INFO - recording started
2026-03-20 18:42:13.831 - RealTimeSTT: realtimestt - INFO - State changed from 'listening' to 'recording'
2026-03-20 18:42:13.832 - RealTimeSTT: realtimestt - DEBUG - Waiting for recording stop
2026-03-20 18:42:14.257 - RealTimeSTT: realtimestt - DEBUG - _audio_data_worker writing audio data into queue.
2026-03-20 18:42:15.281 - RealTimeSTT: realtimestt - DEBUG - _audio_data_worker writing audio data into queue.
2026-03-20 18:42:16.305 - RealTimeSTT: realtimestt - DEBUG - _audio_data_worker writing audio data into queue.
2026-03-20 18:42:17.330 - RealTimeSTT: realtimestt - DEBUG - _audio_data_worker writing audio data into queue.
2026-03-20 18:42:18.353 - RealTimeSTT: realtimestt - DEBUG - _audio_data_worker writing audio data into queue.
2026-03-20 18:42:19.377 - RealTimeSTT: realtimestt - DEBUG - _audio_data_worker writing audio data into queue.
2026-03-20 18:42:20.401 - RealTimeSTT: realtimestt - DEBUG - _audio_data_worker writing audio data into queue.
2026-03-20 18:42:21.425 - RealTimeSTT: realtimestt - DEBUG - _audio_data_worker writing audio data into queue.
2026-03-20 18:42:22.449 - RealTimeSTT: realtimestt - DEBUG - _audio_data_worker writing audio data into queue.
2026-03-20 18:42:23.474 - RealTimeSTT: realtimestt - DEBUG - _audio_data_worker writing audio data into queue.
2026-03-20 18:42:24.498 - RealTimeSTT: realtimestt - DEBUG - _audio_data_worker writing audio data into queue.
2026-03-20 18:42:25.521 - RealTimeSTT: realtimestt - DEBUG - _audio_data_worker writing audio data into queue.
2026-03-20 18:42:26.546 - RealTimeSTT: realtimestt - DEBUG - _audio_data_worker writing audio data into queue.
2026-03-20 18:42:27.569 - RealTimeSTT: realtimestt - DEBUG - _audio_data_worker writing audio data into queue.
2026-03-20 18:42:28.593 - RealTimeSTT: realtimestt - DEBUG - _audio_data_worker writing audio data into queue.
2026-03-20 18:42:29.618 - RealTimeSTT: realtimestt - DEBUG - _audio_data_worker writing audio data into queue.
2026-03-20 18:42:30.642 - RealTimeSTT: realtimestt - DEBUG - _audio_data_worker writing audio data into queue.
2026-03-20 18:42:31.665 - RealTimeSTT: realtimestt - DEBUG - _audio_data_worker writing audio data into queue.
2026-03-20 18:42:32.689 - RealTimeSTT: realtimestt - DEBUG - _audio_data_worker writing audio data into queue.
2026-03-20 18:42:33.713 - RealTimeSTT: realtimestt - DEBUG - _audio_data_worker writing audio data into queue.
2026-03-20 18:42:34.738 - RealTimeSTT: realtimestt - DEBUG - _audio_data_worker writing audio data into queue.
2026-03-20 18:42:35.761 - RealTimeSTT: realtimestt - DEBUG - _audio_data_worker writing audio data into queue.
2026-03-20 18:42:36.786 - RealTimeSTT: realtimestt - DEBUG - _audio_data_worker writing audio data into queue.
2026-03-20 18:42:37.810 - RealTimeSTT: realtimestt - DEBUG - _audio_data_worker writing audio data into queue.
2026-03-20 18:42:38.833 - RealTimeSTT: realtimestt - DEBUG - _audio_data_worker writing audio data into queue.
2026-03-20 18:42:39.858 - RealTimeSTT: realtimestt - DEBUG - _audio_data_worker writing audio data into queue.
2026-03-20 18:42:40.882 - RealTimeSTT: realtimestt - DEBUG - _audio_data_worker writing audio data into queue.
2026-03-20 18:42:41.905 - RealTimeSTT: realtimestt - DEBUG - _audio_data_worker writing audio data into queue.
2026-03-20 18:42:42.929 - RealTimeSTT: realtimestt - DEBUG - _audio_data_worker writing audio data into queue.
2026-03-20 18:42:43.954 - RealTimeSTT: realtimestt - DEBUG - _audio_data_worker writing audio data into queue.
2026-03-20 18:42:44.977 - RealTimeSTT: realtimestt - DEBUG - _audio_data_worker writing audio data into queue.
2026-03-20 18:42:46.001 - RealTimeSTT: realtimestt - DEBUG - _audio_data_worker writing audio data into queue.
2026-03-20 18:42:47.025 - RealTimeSTT: realtimestt - DEBUG - _audio_data_worker writing audio data into queue.
2026-03-20 18:42:48.049 - RealTimeSTT: realtimestt - DEBUG - _audio_data_worker writing audio data into queue.
2026-03-20 18:42:49.073 - RealTimeSTT: realtimestt - DEBUG - _audio_data_worker writing audio data into queue.
2026-03-20 18:42:50.097 - RealTimeSTT: realtimestt - DEBUG - _audio_data_worker writing audio data into queue.
2026-03-20 18:42:51.121 - RealTimeSTT: realtimestt - DEBUG - _audio_data_worker writing audio data into queue.
2026-03-20 18:42:52.145 - RealTimeSTT: realtimestt - DEBUG - _audio_data_worker writing audio data into queue.
2026-03-20 18:42:53.169 - RealTimeSTT: realtimestt - DEBUG - _audio_data_worker writing audio data into queue.
2026-03-20 18:42:54.194 - RealTimeSTT: realtimestt - DEBUG - _audio_data_worker writing audio data into queue.
2026-03-20 18:42:55.218 - RealTimeSTT: realtimestt - DEBUG - _audio_data_worker writing audio data into queue.
2026-03-20 18:42:56.241 - RealTimeSTT: realtimestt - DEBUG - _audio_data_worker writing audio data into queue.
2026-03-20 18:42:57.265 - RealTimeSTT: realtimestt - DEBUG - _audio_data_worker writing audio data into queue.
2026-03-20 18:42:58.289 - RealTimeSTT: realtimestt - DEBUG - _audio_data_worker writing audio data into queue.
2026-03-20 18:42:59.314 - RealTimeSTT: realtimestt - DEBUG - _audio_data_worker writing audio data into queue.
2026-03-20 18:43:00.337 - RealTimeSTT: realtimestt - DEBUG - _audio_data_worker writing audio data into queue.
2026-03-20 18:43:01.361 - RealTimeSTT: realtimestt - DEBUG - _audio_data_worker writing audio data into queue.
2026-03-20 18:43:02.385 - RealTimeSTT: realtimestt - DEBUG - _audio_data_worker writing audio data into queue.
2026-03-20 18:43:03.409 - RealTimeSTT: realtimestt - DEBUG - _audio_data_worker writing audio data into queue.
2026-03-20 18:43:04.433 - RealTimeSTT: realtimestt - DEBUG - _audio_data_worker writing audio data into queue.
2026-03-20 18:43:05.458 - RealTimeSTT: realtimestt - DEBUG - _audio_data_worker writing audio data into queue.
2026-03-20 18:43:06.481 - RealTimeSTT: realtimestt - DEBUG - _audio_data_worker writing audio data into queue.
2026-03-20 18:43:07.505 - RealTimeSTT: realtimestt - DEBUG - _audio_data_worker writing audio data into queue.
2026-03-20 18:43:08.529 - RealTimeSTT: realtimestt - DEBUG - _audio_data_worker writing audio data into queue.
2026-03-20 18:43:09.553 - RealTimeSTT: realtimestt - DEBUG - _audio_data_worker writing audio data into queue.
2026-03-20 18:43:10.577 - RealTimeSTT: realtimestt - DEBUG - _audio_data_worker writing audio data into queue.
2026-03-20 18:43:11.602 - RealTimeSTT: realtimestt - DEBUG - _audio_data_worker writing audio data into queue.
2026-03-20 18:43:12.625 - RealTimeSTT: realtimestt - DEBUG - _audio_data_worker writing audio data into queue.
2026-03-20 18:43:13.649 - RealTimeSTT: realtimestt - DEBUG - _audio_data_worker writing audio data into queue.
2026-03-20 18:43:14.674 - RealTimeSTT: realtimestt - DEBUG - _audio_data_worker writing audio data into queue.
2026-03-20 18:43:15.697 - RealTimeSTT: realtimestt - DEBUG - _audio_data_worker writing audio data into queue.
2026-03-20 18:43:16.721 - RealTimeSTT: realtimestt - DEBUG - _audio_data_worker writing audio data into queue.
2026-03-20 18:43:17.745 - RealTimeSTT: realtimestt - DEBUG - _audio_data_worker writing audio data into queue.
2026-03-20 18:43:18.770 - RealTimeSTT: realtimestt - DEBUG - _audio_data_worker writing audio data into queue.
2026-03-20 18:43:19.793 - RealTimeSTT: realtimestt - DEBUG - _audio_data_worker writing audio data into queue.
2026-03-20 18:43:20.817 - RealTimeSTT: realtimestt - DEBUG - _audio_data_worker writing audio data into queue.
2026-03-20 18:43:21.841 - RealTimeSTT: realtimestt - DEBUG - _audio_data_worker writing audio data into queue.
2026-03-20 18:43:22.865 - RealTimeSTT: realtimestt - DEBUG - _audio_data_worker writing audio data into queue.
2026-03-20 18:43:23.890 - RealTimeSTT: realtimestt - DEBUG - _audio_data_worker writing audio data into queue.
2026-03-20 18:43:24.913 - RealTimeSTT: realtimestt - DEBUG - _audio_data_worker writing audio data into queue.
2026-03-20 18:43:25.937 - RealTimeSTT: realtimestt - DEBUG - _audio_data_worker writing audio data into queue.
2026-03-20 18:43:26.961 - RealTimeSTT: realtimestt - DEBUG - _audio_data_worker writing audio data into queue.
2026-03-20 18:43:27.986 - RealTimeSTT: realtimestt - DEBUG - _audio_data_worker writing audio data into queue.
2026-03-20 18:43:28.257 - RealTimeSTT: realtimestt - INFO - KeyboardInterrupt in wait_audio, shutting down
2026-03-20 18:43:28.257 - RealTimeSTT: realtimestt - DEBUG - Finishing recording thread
2026-03-20 18:43:28.262 - RealTimeSTT: realtimestt - DEBUG - Terminating reader process
2026-03-20 18:43:28.342 - RealTimeSTT: realtimestt - DEBUG - Terminating transcription process
2026-03-20 18:43:28.358 - RealTimeSTT: realtimestt - DEBUG - Finishing realtime thread
2026-03-20 18:43:28.464 - RealTimeSTT: realtimestt - INFO - KeyboardInterrupt in text() method
